<?xml version="1.0" encoding="UTF-8"?>
<!-- Generated by org.testng.reporters.JUnitReportReporter -->
<testsuite skipped="0" hostname="dell-PC" name="com.jbk.LoginTestCase2" tests="1" failures="0" timestamp="23 Dec 2019 07:58:48 GMT" time="0.000" errors="0">
  <testcase name="f2" time="0.000" classname="com.jbk.LoginTestCase2"/>
</testsuite> <!-- com.jbk.LoginTestCase2 -->
