<?xml version="1.0" encoding="UTF-8"?>
<!-- Generated by org.testng.reporters.JUnitReportReporter -->
<testsuite skipped="0" hostname="dell-PC" name="com.jbk.LoginTestCase1" tests="1" failures="0" timestamp="23 Dec 2019 07:58:48 GMT" time="0.007" errors="0">
  <testcase name="f1" time="0.007" classname="com.jbk.LoginTestCase1"/>
</testsuite> <!-- com.jbk.LoginTestCase1 -->
